<?xml version="1.0" encoding="UTF-8"?>
<!-- Generated by org.testng.reporters.JUnitXMLReporter -->
<testsuite hostname="Mohsen" ignored="0" name="Test" tests="4" failures="0" timestamp="2020-04-08T13:26:35 EDT" time="36.562" errors="0">
  <testcase name="basePageNavigation" time="10.722" classname="Academy.E2EProject.HomePage"/>
  <testcase name="basePageNavigation" time="11.008" classname="Academy.E2EProject.HomePage"/>
  <testcase name="basePageNavigation" time="0.073" classname="Academy.E2EProject.validateTitle"/>
  <testcase name="basePageNavigation" time="0.118" classname="Academy.E2EProject.validateNavigationBar"/>
</testsuite> <!-- Test -->
